<?xml version="1.0" encoding="UTF-8"?>
<testsuite xmlns:xsi="http://www.w3.org/2001/XMLSchema-instance" xsi:noNamespaceSchemaLocation="https://maven.apache.org/surefire/maven-surefire-plugin/xsd/surefire-test-report-3.0.xsd" version="3.0" name="core.lmsr.PricingEngineTest$PricesBetweenZeroAndOne" time="0.064" tests="22" errors="0" skipped="0" failures="0">
  <properties>
[...]
</properties>
  <testcase name="onlyNoShares" classname="core.lmsr.PricingEngineTest$PricesBetweenZeroAndOne" time="0.001"/>
  <testcase name="equalSharesPricesAtHalf" classname="core.lmsr.PricingEngineTest$PricesBetweenZeroAndOne" time="0.001"/>
  <testcase name="initialStatePricesInRange" classname="core.lmsr.PricingEngineTest$PricesBetweenZeroAndOne" time="0.0"/>
  <testcase name="highLiquiditySmoothsPrices" classname="core.lmsr.PricingEngineTest$PricesBetweenZeroAndOne" time="0.001"/>
  <testcase name="extremeYesDominance" classname="core.lmsr.PricingEngineTest$PricesBetweenZeroAndOne" time="0.0"/>
  <testcase name="onlyYesShares" classname="core.lmsr.PricingEngineTest$PricesBetweenZeroAndOne" time="0.001"/>
  <testcase name="extremeNoDominance" classname="core.lmsr.PricingEngineTest$PricesBetweenZeroAndOne" time="0.001"/>
  <testcase name="lowLiquidityWithImbalance" classname="core.lmsr.PricingEngineTest$PricesBetweenZeroAndOne" time="0.001"/>
  <testcase name="variousCombinationsInRange(double, double, double)[1]" classname="core.lmsr.PricingEngineTest$PricesBetweenZeroAndOne" time="0.013"/>
  <testcase name="variousCombinationsInRange(double, double, double)[2]" classname="core.lmsr.PricingEngineTest$PricesBetweenZeroAndOne" time="0.001"/>
  <testcase name="variousCombinationsInRange(double, double, double)[3]" classname="core.lmsr.PricingEngineTest$PricesBetweenZeroAndOne" time="0.001"/>
  <testcase name="variousCombinationsInRange(double, double, double)[4]" classname="core.lmsr.PricingEngineTest$PricesBetweenZeroAndOne" time="0.001"/>
  <testcase name="variousCombinationsInRange(double, double, double)[5]" classname="core.lmsr.PricingEngineTest$PricesBetweenZeroAndOne" time="0.001"/>
  <testcase name="variousCombinationsInRange(double, double, double)[6]" classname="core.lmsr.PricingEngineTest$PricesBetweenZeroAndOne" time="0.001"/>
  <testcase name="variousCombinationsInRange(double, double, double)[7]" classname="core.lmsr.PricingEngineTest$PricesBetweenZeroAndOne" time="0.002"/>
  <testcase name="variousCombinationsInRange(double, double, double)[8]" classname="core.lmsr.PricingEngineTest$PricesBetweenZeroAndOne" time="0.001"/>
  <testcase name="variousCombinationsInRange(double, double, double)[9]" classname="core.lmsr.PricingEngineTest$PricesBetweenZeroAndOne" time="0.001"/>
  <testcase name="variousCombinationsInRange(double, double, double)[10]" classname="core.lmsr.PricingEngineTest$PricesBetweenZeroAndOne" time="0.001"/>
  <testcase name="variousCombinationsInRange(double, double, double)[11]" classname="core.lmsr.PricingEngineTest$PricesBetweenZeroAndOne" time="0.001"/>
  <testcase name="variousCombinationsInRange(double, double, double)[12]" classname="core.lmsr.PricingEngineTest$PricesBetweenZeroAndOne" time="0.001"/>
  <testcase name="variousCombinationsInRange(double, double, double)[13]" classname="core.lmsr.PricingEngineTest$PricesBetweenZeroAndOne" time="0.001"/>
  <testcase name="variousCombinationsInRange(double, double, double)[14]" classname="core.lmsr.PricingEngineTest$PricesBetweenZeroAndOne" time="0.0"/>
</testsuite>